# JRE version: OpenJDK Runtime Environment Temurin-21.0.10+7 (21.0.10+7) (build 21.0.10+7-LTS)
# Java VM: OpenJDK 64-Bit Server VM Temurin-21.0.10+7 (21.0.10+7-LTS, mixed mode, sharing, tiered, compressed oops, compressed class ptrs, parallel gc, windows-amd64)
GC Precious Log:
 CardTable entry size: 512
 CPUs: 8 total, 8 available
 Memory: 16220M
 Large Page Support: Disabled
 NUMA Support: Disabled
 Compressed Oops: Enabled (32-bit)
 Alignments: Space 512K, Generation 512K, Heap 2M
 Heap Min Capacity: 100M
 Heap Initial Capacity: 100M
 Heap Max Capacity: 2G
 Pre-touch: Disabled
 Parallel Workers: 8
Heap:
 PSYoungGen      total 24064K, used 3759K [0x00000000d5580000, 0x00000000d7380000, 0x0000000100000000)
  eden space 22528K, 9% used [0x00000000d5580000,0x00000000d57b0118,0x00000000d6b80000)
  from space 1536K, 98% used [0x00000000d7200000,0x00000000d737bb40,0x00000000d7380000)
  to   space 2048K, 0% used [0x00000000d7000000,0x00000000d7000000,0x00000000d7200000)
 ParOldGen       total 68608K, used 19569K [0x0000000080000000, 0x0000000084300000, 0x00000000d5580000)
  object space 68608K, 28% used [0x0000000080000000,0x000000008131c598,0x0000000084300000)
 Metaspace       used 33162K, committed 34176K, reserved 1114112K
  class space    used 3352K, committed 3840K, reserved 1048576K
GC Heap History (20 events):
Event: 39.145 GC heap before
{Heap before GC invocations=4 (full 0):
 PSYoungGen      total 29696K, used 29693K [0x00000000d5580000, 0x00000000d7680000, 0x0000000100000000)
  eden space 25600K, 100% used [0x00000000d5580000,0x00000000d6e80000,0x00000000d6e80000)
  from space 4096K, 99% used [0x00000000d6e80000,0x00000000d727f538,0x00000000d7280000)
  to   space 4096K, 0% used [0x00000000d7280000,0x00000000d7280000,0x00000000d7680000)
 ParOldGen       total 68608K, used 5156K [0x0000000080000000, 0x0000000084300000, 0x00000000d5580000)
  object space 68608K, 7% used [0x0000000080000000,0x00000000805093f0,0x0000000084300000)
 Metaspace       used 11304K, committed 11648K, reserved 1114112K
  class space    used 1174K, committed 1344K, reserved 1048576K
}
Event: 39.151 GC heap after
{Heap after GC invocations=4 (full 0):
 PSYoungGen      total 29696K, used 4092K [0x00000000d5580000, 0x00000000d7680000, 0x0000000100000000)
  eden space 25600K, 0% used [0x00000000d5580000,0x00000000d5580000,0x00000000d6e80000)
  from space 4096K, 99% used [0x00000000d7280000,0x00000000d767f200,0x00000000d7680000)
  to   space 4096K, 0% used [0x00000000d6e80000,0x00000000d6e80000,0x00000000d7280000)
 ParOldGen       total 68608K, used 7094K [0x0000000080000000, 0x0000000084300000, 0x00000000d5580000)
  object space 68608K, 10% used [0x0000000080000000,0x00000000806ed898,0x0000000084300000)
 Metaspace       used 11304K, committed 11648K, reserved 1114112K
  class space    used 1174K, committed 1344K, reserved 1048576K
}
Event: 39.653 GC heap before
{Heap before GC invocations=5 (full 0):
 PSYoungGen      total 29696K, used 29692K [0x00000000d5580000, 0x00000000d7680000, 0x0000000100000000)
  eden space 25600K, 100% used [0x00000000d5580000,0x00000000d6e80000,0x00000000d6e80000)
  from space 4096K, 99% used [0x00000000d7280000,0x00000000d767f200,0x00000000d7680000)
  to   space 4096K, 0% used [0x00000000d6e80000,0x00000000d6e80000,0x00000000d7280000)
 ParOldGen       total 68608K, used 7094K [0x0000000080000000, 0x0000000084300000, 0x00000000d5580000)
  object space 68608K, 10% used [0x0000000080000000,0x00000000806ed898,0x0000000084300000)
 Metaspace       used 15241K, committed 15808K, reserved 1114112K
  class space    used 1574K, committed 1792K, reserved 1048576K
}
Event: 39.658 GC heap after
{Heap after GC invocations=5 (full 0):
 PSYoungGen      total 29184K, used 4092K [0x00000000d5580000, 0x00000000d7900000, 0x0000000100000000)
  eden space 25088K, 0% used [0x00000000d5580000,0x00000000d5580000,0x00000000d6e00000)
  from space 4096K, 99% used [0x00000000d6e80000,0x00000000d727f148,0x00000000d7280000)
  to   space 5632K, 0% used [0x00000000d7380000,0x00000000d7380000,0x00000000d7900000)
 ParOldGen       total 68608K, used 8209K [0x0000000080000000, 0x0000000084300000, 0x00000000d5580000)
  object space 68608K, 11% used [0x0000000080000000,0x0000000080804630,0x0000000084300000)
 Metaspace       used 15241K, committed 15808K, reserved 1114112K
  class space    used 1574K, committed 1792K, reserved 1048576K
}
Event: 40.029 GC heap before
{Heap before GC invocations=6 (full 0):
 PSYoungGen      total 29184K, used 29178K [0x00000000d5580000, 0x00000000d7900000, 0x0000000100000000)
  eden space 25088K, 99% used [0x00000000d5580000,0x00000000d6dff810,0x00000000d6e00000)
  from space 4096K, 99% used [0x00000000d6e80000,0x00000000d727f148,0x00000000d7280000)
  to   space 5632K, 0% used [0x00000000d7380000,0x00000000d7380000,0x00000000d7900000)
 ParOldGen       total 68608K, used 8209K [0x0000000080000000, 0x0000000084300000, 0x00000000d5580000)
  object space 68608K, 11% used [0x0000000080000000,0x0000000080804630,0x0000000084300000)
 Metaspace       used 18080K, committed 18816K, reserved 1114112K
  class space    used 1891K, committed 2176K, reserved 1048576K
}
Event: 40.033 GC heap after
{Heap after GC invocations=6 (full 0):
 PSYoungGen      total 29696K, used 4878K [0x00000000d5580000, 0x00000000d7880000, 0x0000000100000000)
  eden space 24576K, 0% used [0x00000000d5580000,0x00000000d5580000,0x00000000d6d80000)
  from space 5120K, 95% used [0x00000000d7380000,0x00000000d7843ae0,0x00000000d7880000)
  to   space 5120K, 0% used [0x00000000d6e80000,0x00000000d6e80000,0x00000000d7380000)
 ParOldGen       total 68608K, used 8217K [0x0000000080000000, 0x0000000084300000, 0x00000000d5580000)
  object space 68608K, 11% used [0x0000000080000000,0x0000000080806630,0x0000000084300000)
 Metaspace       used 18080K, committed 18816K, reserved 1114112K
  class space    used 1891K, committed 2176K, reserved 1048576K
}
Event: 40.378 GC heap before
{Heap before GC invocations=7 (full 0):
 PSYoungGen      total 29696K, used 29454K [0x00000000d5580000, 0x00000000d7880000, 0x0000000100000000)
  eden space 24576K, 100% used [0x00000000d5580000,0x00000000d6d80000,0x00000000d6d80000)
  from space 5120K, 95% used [0x00000000d7380000,0x00000000d7843ae0,0x00000000d7880000)
  to   space 5120K, 0% used [0x00000000d6e80000,0x00000000d6e80000,0x00000000d7380000)
 ParOldGen       total 68608K, used 8217K [0x0000000080000000, 0x0000000084300000, 0x00000000d5580000)
  object space 68608K, 11% used [0x0000000080000000,0x0000000080806630,0x0000000084300000)
 Metaspace       used 20686K, committed 21440K, reserved 1114112K
  class space    used 2140K, committed 2496K, reserved 1048576K
}
Event: 40.383 GC heap after
{Heap after GC invocations=7 (full 0):
 PSYoungGen      total 29184K, used 5106K [0x00000000d5580000, 0x00000000d7c00000, 0x0000000100000000)
  eden space 24064K, 0% used [0x00000000d5580000,0x00000000d5580000,0x00000000d6d00000)
  from space 5120K, 99% used [0x00000000d6e80000,0x00000000d737c828,0x00000000d7380000)
  to   space 7680K, 0% used [0x00000000d7480000,0x00000000d7480000,0x00000000d7c00000)
 ParOldGen       total 68608K, used 10295K [0x0000000080000000, 0x0000000084300000, 0x00000000d5580000)
  object space 68608K, 15% used [0x0000000080000000,0x0000000080a0df20,0x0000000084300000)
 Metaspace       used 20686K, committed 21440K, reserved 1114112K
  class space    used 2140K, committed 2496K, reserved 1048576K
}
Event: 40.412 GC heap before
{Heap before GC invocations=8 (full 0):
 PSYoungGen      total 29184K, used 14090K [0x00000000d5580000, 0x00000000d7c00000, 0x0000000100000000)
  eden space 24064K, 37% used [0x00000000d5580000,0x00000000d5e46340,0x00000000d6d00000)
  from space 5120K, 99% used [0x00000000d6e80000,0x00000000d737c828,0x00000000d7380000)
  to   space 7680K, 0% used [0x00000000d7480000,0x00000000d7480000,0x00000000d7c00000)
 ParOldGen       total 68608K, used 10295K [0x0000000080000000, 0x0000000084300000, 0x00000000d5580000)
  object space 68608K, 15% used [0x0000000080000000,0x0000000080a0df20,0x0000000084300000)
 Metaspace       used 20730K, committed 21504K, reserved 1114112K
  class space    used 2140K, committed 2496K, reserved 1048576K
}
Event: 40.413 GC heap after
{Heap after GC invocations=8 (full 0):
 PSYoungGen      total 28672K, used 4437K [0x00000000d5580000, 0x00000000d7900000, 0x0000000100000000)
  eden space 24064K, 0% used [0x00000000d5580000,0x00000000d5580000,0x00000000d6d00000)
  from space 4608K, 96% used [0x00000000d7480000,0x00000000d78d5680,0x00000000d7900000)
  to   space 5632K, 0% used [0x00000000d6e00000,0x00000000d6e00000,0x00000000d7380000)
 ParOldGen       total 68608K, used 11278K [0x0000000080000000, 0x0000000084300000, 0x00000000d5580000)
  object space 68608K, 16% used [0x0000000080000000,0x0000000080b03be0,0x0000000084300000)
 Metaspace       used 20730K, committed 21504K, reserved 1114112K
  class space    used 2140K, committed 2496K, reserved 1048576K
}
Event: 40.413 GC heap before
{Heap before GC invocations=9 (full 1):
 PSYoungGen      total 28672K, used 4437K [0x00000000d5580000, 0x00000000d7900000, 0x0000000100000000)
  eden space 24064K, 0% used [0x00000000d5580000,0x00000000d5580000,0x00000000d6d00000)
  from space 4608K, 96% used [0x00000000d7480000,0x00000000d78d5680,0x00000000d7900000)
  to   space 5632K, 0% used [0x00000000d6e00000,0x00000000d6e00000,0x00000000d7380000)
 ParOldGen       total 68608K, used 11278K [0x0000000080000000, 0x0000000084300000, 0x00000000d5580000)
  object space 68608K, 16% used [0x0000000080000000,0x0000000080b03be0,0x0000000084300000)
 Metaspace       used 20730K, committed 21504K, reserved 1114112K
  class space    used 2140K, committed 2496K, reserved 1048576K
}
Event: 40.451 GC heap after
{Heap after GC invocations=9 (full 1):
 PSYoungGen      total 28672K, used 0K [0x00000000d5580000, 0x00000000d7900000, 0x0000000100000000)
  eden space 24064K, 0% used [0x00000000d5580000,0x00000000d5580000,0x00000000d6d00000)
  from space 4608K, 0% used [0x00000000d7480000,0x00000000d7480000,0x00000000d7900000)
  to   space 5632K, 0% used [0x00000000d6e00000,0x00000000d6e00000,0x00000000d7380000)
 ParOldGen       total 68608K, used 14138K [0x0000000080000000, 0x0000000084300000, 0x00000000d5580000)
  object space 68608K, 20% used [0x0000000080000000,0x0000000080dce970,0x0000000084300000)
 Metaspace       used 20717K, committed 21504K, reserved 1114112K
  class space    used 2137K, committed 2496K, reserved 1048576K
}
Event: 40.681 GC heap before
{Heap before GC invocations=10 (full 1):
 PSYoungGen      total 28672K, used 24064K [0x00000000d5580000, 0x00000000d7900000, 0x0000000100000000)
  eden space 24064K, 100% used [0x00000000d5580000,0x00000000d6d00000,0x00000000d6d00000)
  from space 4608K, 0% used [0x00000000d7480000,0x00000000d7480000,0x00000000d7900000)
  to   space 5632K, 0% used [0x00000000d6e00000,0x00000000d6e00000,0x00000000d7380000)
 ParOldGen       total 68608K, used 14138K [0x0000000080000000, 0x0000000084300000, 0x00000000d5580000)
  object space 68608K, 20% used [0x0000000080000000,0x0000000080dce970,0x0000000084300000)
 Metaspace       used 24614K, committed 25344K, reserved 1114112K
  class space    used 2424K, committed 2752K, reserved 1048576K
}
Event: 40.682 GC heap after
{Heap after GC invocations=10 (full 1):
 PSYoungGen      total 24064K, used 363K [0x00000000d5580000, 0x00000000d7500000, 0x0000000100000000)
  eden space 23552K, 0% used [0x00000000d5580000,0x00000000d5580000,0x00000000d6c80000)
  from space 512K, 70% used [0x00000000d6e00000,0x00000000d6e5adb8,0x00000000d6e80000)
  to   space 2048K, 0% used [0x00000000d7300000,0x00000000d7300000,0x00000000d7500000)
 ParOldGen       total 68608K, used 14138K [0x0000000080000000, 0x0000000084300000, 0x00000000d5580000)
  object space 68608K, 20% used [0x0000000080000000,0x0000000080dce970,0x0000000084300000)
 Metaspace       used 24614K, committed 25344K, reserved 1114112K
  class space    used 2424K, committed 2752K, reserved 1048576K
}
Event: 40.911 GC heap before
{Heap before GC invocations=11 (full 1):
 PSYoungGen      total 24064K, used 23915K [0x00000000d5580000, 0x00000000d7500000, 0x0000000100000000)
  eden space 23552K, 100% used [0x00000000d5580000,0x00000000d6c80000,0x00000000d6c80000)
  from space 512K, 70% used [0x00000000d6e00000,0x00000000d6e5adb8,0x00000000d6e80000)
  to   space 2048K, 0% used [0x00000000d7300000,0x00000000d7300000,0x00000000d7500000)
 ParOldGen       total 68608K, used 14138K [0x0000000080000000, 0x0000000084300000, 0x00000000d5580000)
  object space 68608K, 20% used [0x0000000080000000,0x0000000080dce970,0x0000000084300000)
 Metaspace       used 26015K, committed 26816K, reserved 1114112K
  class space    used 2526K, committed 2880K, reserved 1048576K
}
Event: 40.913 GC heap after
{Heap after GC invocations=11 (full 1):
 PSYoungGen      total 25088K, used 2013K [0x00000000d5580000, 0x00000000d7500000, 0x0000000100000000)
  eden space 23040K, 0% used [0x00000000d5580000,0x00000000d5580000,0x00000000d6c00000)
  from space 2048K, 98% used [0x00000000d7300000,0x00000000d74f7538,0x00000000d7500000)
  to   space 2560K, 0% used [0x00000000d7000000,0x00000000d7000000,0x00000000d7280000)
 ParOldGen       total 68608K, used 14927K [0x0000000080000000, 0x0000000084300000, 0x00000000d5580000)
  object space 68608K, 21% used [0x0000000080000000,0x0000000080e93e80,0x0000000084300000)
 Metaspace       used 26015K, committed 26816K, reserved 1114112K
  class space    used 2526K, committed 2880K, reserved 1048576K
}
Event: 41.389 GC heap before
{Heap before GC invocations=12 (full 1):
 PSYoungGen      total 25088K, used 25053K [0x00000000d5580000, 0x00000000d7500000, 0x0000000100000000)
  eden space 23040K, 100% used [0x00000000d5580000,0x00000000d6c00000,0x00000000d6c00000)
  from space 2048K, 98% used [0x00000000d7300000,0x00000000d74f7538,0x00000000d7500000)
  to   space 2560K, 0% used [0x00000000d7000000,0x00000000d7000000,0x00000000d7280000)
 ParOldGen       total 68608K, used 14927K [0x0000000080000000, 0x0000000084300000, 0x00000000d5580000)
  object space 68608K, 21% used [0x0000000080000000,0x0000000080e93e80,0x0000000084300000)
 Metaspace       used 29902K, committed 30848K, reserved 1114112K
  class space    used 2957K, committed 3328K, reserved 1048576K
}
Event: 41.393 GC heap after
{Heap after GC invocations=12 (full 1):
 PSYoungGen      total 24576K, used 1635K [0x00000000d5580000, 0x00000000d7380000, 0x0000000100000000)
  eden space 22528K, 0% used [0x00000000d5580000,0x00000000d5580000,0x00000000d6b80000)
  from space 2048K, 79% used [0x00000000d7000000,0x00000000d7198cb8,0x00000000d7200000)
  to   space 1536K, 0% used [0x00000000d7200000,0x00000000d7200000,0x00000000d7380000)
 ParOldGen       total 68608K, used 16748K [0x0000000080000000, 0x0000000084300000, 0x00000000d5580000)
  object space 68608K, 24% used [0x0000000080000000,0x000000008105b340,0x0000000084300000)
 Metaspace       used 29902K, committed 30848K, reserved 1114112K
  class space    used 2957K, committed 3328K, reserved 1048576K
}
Event: 41.635 GC heap before
{Heap before GC invocations=13 (full 1):
 PSYoungGen      total 24576K, used 24163K [0x00000000d5580000, 0x00000000d7380000, 0x0000000100000000)
  eden space 22528K, 100% used [0x00000000d5580000,0x00000000d6b80000,0x00000000d6b80000)
  from space 2048K, 79% used [0x00000000d7000000,0x00000000d7198cb8,0x00000000d7200000)
  to   space 1536K, 0% used [0x00000000d7200000,0x00000000d7200000,0x00000000d7380000)
 ParOldGen       total 68608K, used 16748K [0x0000000080000000, 0x0000000084300000, 0x00000000d5580000)
  object space 68608K, 24% used [0x0000000080000000,0x000000008105b340,0x0000000084300000)
 Metaspace       used 33083K, committed 34112K, reserved 1114112K
  class space    used 3344K, committed 3776K, reserved 1048576K
}
Event: 41.638 GC heap after
{Heap after GC invocations=13 (full 1):
 PSYoungGen      total 24064K, used 1518K [0x00000000d5580000, 0x00000000d7380000, 0x0000000100000000)
  eden space 22528K, 0% used [0x00000000d5580000,0x00000000d5580000,0x00000000d6b80000)
  from space 1536K, 98% used [0x00000000d7200000,0x00000000d737bb40,0x00000000d7380000)
  to   space 2048K, 0% used [0x00000000d7000000,0x00000000d7000000,0x00000000d7200000)
 ParOldGen       total 68608K, used 19569K [0x0000000080000000, 0x0000000084300000, 0x00000000d5580000)
  object space 68608K, 28% used [0x0000000080000000,0x000000008131c598,0x0000000084300000)
 Metaspace       used 33083K, committed 34112K, reserved 1114112K
  class space    used 3344K, committed 3776K, reserved 1048576K
}

